<?xml version="1.0" encoding="UTF-8"?>
<!-- Generated by org.testng.reporters.JUnitXMLReporter -->
<testsuite hostname="ViktoriyasMBP2.local.tld" ignored="2" name="All Functionalities" tests="8" failures="0" timestamp="2023-01-22T11:16:48 CST" time="121.251" errors="0">
  <testcase name="validateCheckboxes" time="3.814" classname="scripts.TechGlobalCheckBoxTest"/>
  <testcase name="validateCheckboxes2" time="3.819" classname="scripts.TechGlobalCheckBoxTest"/>
  <testcase name="dynamicElementsTest" time="2.044" classname="scripts.TechGlobalDynamicElementsTest"/>
  <testcase name="validateFrontendTestingURL" time="1.875" classname="scripts.TechGlobalFrontendTestingHomeTest"/>
  <testcase name="validateTechGlobalHeaderDropdownOptions" time="1.353" classname="scripts.TechGlobalHeaderTest"/>
  <testcase name="languageRadioButtons" time="3.823" classname="scripts.TechGlobalRadioButtonsTest"/>
  <testcase name="toolsRadioButtons" time="3.819" classname="scripts.TechGlobalRadioButtonsTest"/>
  <testcase name="validateRedBox" time="37.659" classname="scripts.TechGlobalWaitsTest"/>
  <testcase name="validateFrontendTestingCards" time="0.0" classname="scripts.TechGlobalFrontendTestingHomeTest">
    <ignored/>
  </testcase> <!-- validateFrontendTestingCards -->
  <testcase name="validateTechGlobalHeaderDropdown" time="0.0" classname="scripts.TechGlobalHeaderTest">
    <ignored/>
  </testcase> <!-- validateTechGlobalHeaderDropdown -->
</testsuite> <!-- All Functionalities -->
