<?xml version="1.0" encoding="UTF-8"?>
<!-- Generated by org.testng.reporters.JUnitXMLReporter -->
<testsuite hostname="Techs-iMac.local.tld" ignored="1" name="Command line test" tests="1" failures="0" timestamp="2023-01-15T11:39:09 CST" time="5.114" errors="0">
  <testcase name="validateTechGlobalHeaderDropdownOptions" time="0.431" classname="scripts.TechGlobalHeaderTest"/>
  <testcase name="validateTechGlobalHeaderDropdown" time="0.0" classname="scripts.TechGlobalHeaderTest">
    <ignored/>
  </testcase> <!-- validateTechGlobalHeaderDropdown -->
</testsuite> <!-- Command line test -->
