<?xml version="1.0" encoding="UTF-8"?>
<!-- Generated by org.testng.reporters.JUnitXMLReporter -->
<testsuite hostname="Techs-iMac.local.tld" ignored="0" name="Command line test" tests="11" failures="0" timestamp="2023-01-21T13:35:38 CST" time="87.252" errors="0">
  <testcase name="validateFrontendTestingCards" time="2.122" classname="scripts.TechGlobalFrontendTestingHomeTest"/>
  <testcase name="validateFrontendTestingURL" time="0.859" classname="scripts.TechGlobalFrontendTestingHomeTest"/>
  <testcase name="validateTechGlobalLogo" time="0.114" classname="scripts.TechGlobalLogoTest"/>
  <testcase name="validateTechGlobalHeaderDropdown" time="0.224" classname="scripts.TechGlobalHeaderTest"/>
  <testcase name="validateTechGlobalHeaderDropdownOptions" time="0.428" classname="scripts.TechGlobalHeaderTest"/>
  <testcase name="validateCheckboxes" time="1.404" classname="scripts.TechGlobalCheckBoxTest"/>
  <testcase name="validateCheckboxes2" time="1.712" classname="scripts.TechGlobalCheckBoxTest"/>
  <testcase name="validateRedBox" time="36.033" classname="scripts.TechGlobalWaitsTest"/>
  <testcase name="dynamicElementsTest" time="1.104" classname="scripts.TechGlobalDynamicElementsTest"/>
  <testcase name="languageRadioButtons" time="1.363" classname="scripts.TechGlobalRadioButtonsTest"/>
  <testcase name="toolsRadioButtons" time="1.504" classname="scripts.TechGlobalRadioButtonsTest"/>
</testsuite> <!-- Command line test -->
