<?xml version="1.0" encoding="UTF-8"?>
<!-- Generated by org.testng.reporters.JUnitXMLReporter -->
<testsuite hostname="Techs-iMac.local.tld" ignored="0" name="Command line test" tests="3" failures="0" timestamp="2023-01-15T10:45:44 CST" time="17.658" errors="0">
  <testcase name="validateTechGlobalLogo" time="0.182" classname="scripts.TechGlobalLogoTest"/>
  <testcase name="validateTechGlobalHeaderDropdown" time="0.168" classname="scripts.TechGlobalHeaderTest"/>
  <testcase name="validateTechGlobalHeaderDropdownOptions" time="0.593" classname="scripts.TechGlobalHeaderTest"/>
</testsuite> <!-- Command line test -->
