<?xml version="1.0" encoding="UTF-8"?>
<!-- Generated by org.testng.reporters.JUnitXMLReporter -->
<testsuite hostname="Techs-iMac.local.tld" ignored="1" name="Command line test" tests="1" failures="0" timestamp="2023-01-21T13:39:59 CST" time="7.666" errors="0">
  <testcase name="validateCheckboxes2" time="2.161" classname="scripts.TechGlobalCheckBoxTest"/>
  <testcase name="validateCheckboxes" time="0.0" classname="scripts.TechGlobalCheckBoxTest">
    <ignored/>
  </testcase> <!-- validateCheckboxes -->
</testsuite> <!-- Command line test -->
