<?xml version="1.0" encoding="UTF-8"?>
<!-- Generated by org.testng.reporters.JUnitXMLReporter -->
<testsuite hostname="Techs-iMac.local.tld" ignored="2" name="Critical Functionalities" tests="3" failures="0" timestamp="2023-01-21T15:08:14 CST" time="15.563" errors="0">
  <testcase name="validateFrontendTestingCards" time="2.163" classname="scripts.TechGlobalFrontendTestingHomeTest"/>
  <testcase name="validateTechGlobalHeaderDropdown" time="0.121" classname="scripts.TechGlobalHeaderTest"/>
  <testcase name="validateTechGlobalLogo" time="0.182" classname="scripts.TechGlobalLogoTest"/>
  <testcase name="validateFrontendTestingURL" time="0.0" classname="scripts.TechGlobalFrontendTestingHomeTest">
    <ignored/>
  </testcase> <!-- validateFrontendTestingURL -->
  <testcase name="validateTechGlobalHeaderDropdownOptions" time="0.0" classname="scripts.TechGlobalHeaderTest">
    <ignored/>
  </testcase> <!-- validateTechGlobalHeaderDropdownOptions -->
</testsuite> <!-- Critical Functionalities -->
