<?xml version="1.0" encoding="UTF-8"?>
<testng-results skipped="0" failed="0" ignored="1" total="2" passed="1">
  <reporter-output>
  </reporter-output>
  <suite name="scripts.TechGlobalCheckBoxTest" duration-ms="7666" started-at="2023-01-21T13:39:52 CST" finished-at="2023-01-21T13:39:59 CST">
    <groups>
    </groups>
    <test name="Command line test" duration-ms="7666" started-at="2023-01-21T13:39:52 CST" finished-at="2023-01-21T13:39:59 CST">
      <class name="scripts.TechGlobalCheckBoxTest">
        <test-method status="PASS" signature="setup()[pri:0, instance:scripts.TechGlobalCheckBoxTest@e45f292]" name="setup" is-config="true" duration-ms="5261" started-at="2023-01-21T13:39:52 CST" finished-at="2023-01-21T13:39:57 CST">
          <reporter-output>
          </reporter-output>
        </test-method> <!-- setup -->
        <test-method status="PASS" signature="setPage()[pri:0, instance:scripts.TechGlobalCheckBoxTest@e45f292]" name="setPage" is-config="true" duration-ms="6" started-at="2023-01-21T13:39:57 CST" finished-at="2023-01-21T13:39:57 CST">
          <reporter-output>
          </reporter-output>
        </test-method> <!-- setPage -->
        <test-method status="PASS" signature="validateCheckboxes2()[pri:2, instance:scripts.TechGlobalCheckBoxTest@e45f292]" name="validateCheckboxes2" duration-ms="2161" started-at="2023-01-21T13:39:57 CST" description="Validate checkboxes of second group" finished-at="2023-01-21T13:39:59 CST">
          <reporter-output>
          </reporter-output>
        </test-method> <!-- validateCheckboxes2 -->
        <test-method status="PASS" signature="teardown()[pri:0, instance:scripts.TechGlobalCheckBoxTest@e45f292]" name="teardown" is-config="true" duration-ms="200" started-at="2023-01-21T13:39:59 CST" finished-at="2023-01-21T13:39:59 CST">
          <reporter-output>
          </reporter-output>
        </test-method> <!-- teardown -->
      </class> <!-- scripts.TechGlobalCheckBoxTest -->
    </test> <!-- Command line test -->
  </suite> <!-- scripts.TechGlobalCheckBoxTest -->
</testng-results>
