<?xml version="1.0" encoding="UTF-8"?>
<testng-results skipped="0" failed="0" ignored="1" total="2" passed="1">
  <reporter-output>
  </reporter-output>
  <suite name="scripts.TechGlobalHeaderTest" duration-ms="5114" started-at="2023-01-15T11:39:04 CST" finished-at="2023-01-15T11:39:09 CST">
    <groups>
    </groups>
    <test name="Command line test" duration-ms="5114" started-at="2023-01-15T11:39:04 CST" finished-at="2023-01-15T11:39:09 CST">
      <class name="scripts.TechGlobalHeaderTest">
        <test-method status="PASS" signature="setup()[pri:0, instance:scripts.TechGlobalHeaderTest@271053e1]" name="setup" is-config="true" duration-ms="4552" started-at="2023-01-15T11:39:04 CST" finished-at="2023-01-15T11:39:08 CST">
          <reporter-output>
          </reporter-output>
        </test-method> <!-- setup -->
        <test-method status="PASS" signature="validateTechGlobalHeaderDropdownOptions()[pri:2, instance:scripts.TechGlobalHeaderTest@271053e1]" name="validateTechGlobalHeaderDropdownOptions" duration-ms="431" started-at="2023-01-15T11:39:08 CST" finished-at="2023-01-15T11:39:09 CST">
          <reporter-output>
          </reporter-output>
        </test-method> <!-- validateTechGlobalHeaderDropdownOptions -->
        <test-method status="PASS" signature="teardown()[pri:0, instance:scripts.TechGlobalHeaderTest@271053e1]" name="teardown" is-config="true" duration-ms="103" started-at="2023-01-15T11:39:09 CST" finished-at="2023-01-15T11:39:09 CST">
          <reporter-output>
          </reporter-output>
        </test-method> <!-- teardown -->
      </class> <!-- scripts.TechGlobalHeaderTest -->
    </test> <!-- Command line test -->
  </suite> <!-- scripts.TechGlobalHeaderTest -->
</testng-results>
